2024-03-25-00-09-47
run update_new_items success.
update_dynamic_feature_protrail success.
delete RedisProtrail ...
run update_redis_mongo_protrail_data success.
process_material success.
process_user.py success.
news detail info are saved in redis db.
update_redis success.
 
2024-03-27-00-11-44
run update_new_items success.
update_dynamic_feature_protrail success.
delete RedisProtrail ...
run update_redis_mongo_protrail_data success.
process_material success.
process_user.py success.
news detail info are saved in redis db.
update_redis success.
 
2024-03-28-00-11-21
run update_new_items success.
update_dynamic_feature_protrail success.
delete RedisProtrail ...
run update_redis_mongo_protrail_data success.
process_material success.
process_user.py success.
news detail info are saved in redis db.
update_redis success.
 
2024-03-29-11-10-35
run update_new_items success.
update_dynamic_feature_protrail success.
delete RedisProtrail ...
run update_redis_mongo_protrail_data success.
process_material success.
process_user.py success.
news detail info are saved in redis db.
update_redis success.
 
2024-03-30-00-11-22
run update_new_items success.
update_dynamic_feature_protrail success.
delete RedisProtrail ...
run update_redis_mongo_protrail_data success.
process_material success.
process_user.py success.
news detail info are saved in redis db.
update_redis success.
 
2024-04-01-00-09-55
run update_new_items success.
update_dynamic_feature_protrail success.
delete RedisProtrail ...
run update_redis_mongo_protrail_data success.
process_material success.
process_user.py success.
news detail info are saved in redis db.
update_redis success.
 
2024-04-02-00-10-17
run update_new_items success.
update_dynamic_feature_protrail success.
delete RedisProtrail ...
run update_redis_mongo_protrail_data success.
process_material success.
process_user.py success.
news detail info are saved in redis db.
update_redis success.
 
2024-04-03-00-11-07
run update_new_items success.
update_dynamic_feature_protrail success.
delete RedisProtrail ...
run update_redis_mongo_protrail_data success.
process_material success.
process_user.py success.
news detail info are saved in redis db.
update_redis success.
 
2024-04-04-00-11-50
run update_new_items success.
update_dynamic_feature_protrail success.
delete RedisProtrail ...
run update_redis_mongo_protrail_data success.
process_material success.
process_user.py success.
news detail info are saved in redis db.
update_redis success.
 
2024-04-05-00-11-48
run update_new_items success.
update_dynamic_feature_protrail success.
delete RedisProtrail ...
run update_redis_mongo_protrail_data success.
process_material success.
process_user.py success.
news detail info are saved in redis db.
update_redis success.
 
2024-04-06-00-10-43
run update_new_items success.
update_dynamic_feature_protrail success.
delete RedisProtrail ...
run update_redis_mongo_protrail_data success.
process_material success.
process_user.py success.
news detail info are saved in redis db.
update_redis success.
 
2024-04-07-00-12-31
run update_new_items success.
update_dynamic_feature_protrail success.
delete RedisProtrail ...
run update_redis_mongo_protrail_data success.
process_material success.
process_user.py success.
news detail info are saved in redis db.
update_redis success.
 
2024-04-08-00-11-05
run update_new_items success.
update_dynamic_feature_protrail success.
delete RedisProtrail ...
run update_redis_mongo_protrail_data success.
process_material success.
process_user.py success.
news detail info are saved in redis db.
update_redis success.
 
2024-04-09-00-12-46
run update_new_items success.
update_dynamic_feature_protrail success.
delete RedisProtrail ...
run update_redis_mongo_protrail_data success.
process_material success.
process_user.py success.
news detail info are saved in redis db.
update_redis success.
 
2024-04-10-00-11-28
run update_new_items success.
update_dynamic_feature_protrail success.
delete RedisProtrail ...
run update_redis_mongo_protrail_data success.
process_material success.
process_user.py success.
news detail info are saved in redis db.
update_redis success.
 
2024-04-11-00-14-20
run update_new_items success.
update_dynamic_feature_protrail success.
delete RedisProtrail ...
run update_redis_mongo_protrail_data success.
process_material success.
process_user.py success.
news detail info are saved in redis db.
update_redis success.
 
2024-04-12-00-10-25
run update_new_items success.
update_dynamic_feature_protrail success.
delete RedisProtrail ...
run update_redis_mongo_protrail_data success.
process_material success.
process_user.py success.
news detail info are saved in redis db.
update_redis success.
 
2024-04-13-00-11-59
run update_new_items success.
update_dynamic_feature_protrail success.
delete RedisProtrail ...
run update_redis_mongo_protrail_data success.
process_material success.
process_user.py success.
news detail info are saved in redis db.
update_redis success.
 
2024-04-14-00-12-01
run update_new_items success.
update_dynamic_feature_protrail success.
delete RedisProtrail ...
run update_redis_mongo_protrail_data success.
process_material success.
process_user.py success.
news detail info are saved in redis db.
update_redis success.
 
2024-04-15-00-15-39
run update_new_items success.
update_dynamic_feature_protrail success.
delete RedisProtrail ...
run update_redis_mongo_protrail_data success.
process_material success.
process_user.py success.
news detail info are saved in redis db.
update_redis success.
 
2024-04-16-00-11-17
run update_new_items success.
update_dynamic_feature_protrail success.
delete RedisProtrail ...
run update_redis_mongo_protrail_data success.
process_material success.
process_user.py success.
news detail info are saved in redis db.
update_redis success.
 
2024-04-17-00-13-54
run update_new_items success.
update_dynamic_feature_protrail success.
delete RedisProtrail ...
run update_redis_mongo_protrail_data success.
process_material success.
process_user.py success.
news detail info are saved in redis db.
update_redis success.
 
2024-04-18-00-13-10
run update_new_items success.
update_dynamic_feature_protrail success.
delete RedisProtrail ...
run update_redis_mongo_protrail_data success.
process_material success.
process_user.py success.
news detail info are saved in redis db.
update_redis success.
 
